# JRE version: Java(TM) SE Runtime Environment (8.0_251-b08) (build 1.8.0_251-b08)
# Java VM: Java HotSpot(TM) 64-Bit Server VM (25.251-b08 mixed mode windows-amd64 compressed oops)
Heap:
 PSYoungGen      total 196096K, used 81604K [0x00000000eb180000, 0x00000000f8e80000, 0x0000000100000000)
  eden space 181760K, 44% used [0x00000000eb180000,0x00000000f0131378,0x00000000f6300000)
  from space 14336K, 0% used [0x00000000f7100000,0x00000000f7100000,0x00000000f7f00000)
  to   space 14336K, 0% used [0x00000000f6300000,0x00000000f6300000,0x00000000f7100000)
 ParOldGen       total 61440K, used 23995K [0x00000000c1400000, 0x00000000c5000000, 0x00000000eb180000)
  object space 61440K, 39% used [0x00000000c1400000,0x00000000c2b6ee08,0x00000000c5000000)
 Metaspace       used 65411K, capacity 68004K, committed 68184K, reserved 1107968K
  class space    used 8520K, capacity 8992K, committed 9088K, reserved 1048576K
GC Heap History (10 events):
Event: 21.588 GC heap before
{Heap before GC invocations=13 (full 2):
 PSYoungGen      total 98816K, used 6734K [0x00000000eb180000, 0x00000000f4600000, 0x0000000100000000)
  eden space 91648K, 0% used [0x00000000eb180000,0x00000000eb180000,0x00000000f0b00000)
  from space 7168K, 93% used [0x00000000f0b00000,0x00000000f1193b00,0x00000000f1200000)
  to   space 7680K, 0% used [0x00000000f3e80000,0x00000000f3e80000,0x00000000f4600000)
 ParOldGen       total 28160K, used 16300K [0x00000000c1400000, 0x00000000c2f80000, 0x00000000eb180000)
  object space 28160K, 57% used [0x00000000c1400000,0x00000000c23eb3d0,0x00000000c2f80000)
 Metaspace       used 33802K, capacity 35334K, committed 35456K, reserved 1079296K
  class space    used 4403K, capacity 4700K, committed 4736K, reserved 1048576K
Event: 21.673 GC heap after
Heap after GC invocations=13 (full 2):
 PSYoungGen      total 98816K, used 0K [0x00000000eb180000, 0x00000000f4600000, 0x0000000100000000)
  eden space 91648K, 0% used [0x00000000eb180000,0x00000000eb180000,0x00000000f0b00000)
  from space 7168K, 0% used [0x00000000f0b00000,0x00000000f0b00000,0x00000000f1200000)
  to   space 7680K, 0% used [0x00000000f3e80000,0x00000000f3e80000,0x00000000f4600000)
 ParOldGen       total 46080K, used 17110K [0x00000000c1400000, 0x00000000c4100000, 0x00000000eb180000)
  object space 46080K, 37% used [0x00000000c1400000,0x00000000c24b5a40,0x00000000c4100000)
 Metaspace       used 33802K, capacity 35334K, committed 35456K, reserved 1079296K
  class space    used 4403K, capacity 4700K, committed 4736K, reserved 1048576K
}
Event: 34.218 GC heap before
{Heap before GC invocations=14 (full 2):
 PSYoungGen      total 98816K, used 91648K [0x00000000eb180000, 0x00000000f4600000, 0x0000000100000000)
  eden space 91648K, 100% used [0x00000000eb180000,0x00000000f0b00000,0x00000000f0b00000)
  from space 7168K, 0% used [0x00000000f0b00000,0x00000000f0b00000,0x00000000f1200000)
  to   space 7680K, 0% used [0x00000000f3e80000,0x00000000f3e80000,0x00000000f4600000)
 ParOldGen       total 46080K, used 17110K [0x00000000c1400000, 0x00000000c4100000, 0x00000000eb180000)
  object space 46080K, 37% used [0x00000000c1400000,0x00000000c24b5a40,0x00000000c4100000)
 Metaspace       used 39675K, capacity 41402K, committed 41600K, reserved 1085440K
  class space    used 5043K, capacity 5390K, committed 5504K, reserved 1048576K
Event: 34.254 GC heap after
Heap after GC invocations=14 (full 2):
 PSYoungGen      total 138240K, used 7676K [0x00000000eb180000, 0x00000000f4600000, 0x0000000100000000)
  eden space 130560K, 0% used [0x00000000eb180000,0x00000000eb180000,0x00000000f3100000)
  from space 7680K, 99% used [0x00000000f3e80000,0x00000000f45ff1c0,0x00000000f4600000)
  to   space 8704K, 0% used [0x00000000f3500000,0x00000000f3500000,0x00000000f3d80000)
 ParOldGen       total 46080K, used 17144K [0x00000000c1400000, 0x00000000c4100000, 0x00000000eb180000)
  object space 46080K, 37% used [0x00000000c1400000,0x00000000c24be1d8,0x00000000c4100000)
 Metaspace       used 39675K, capacity 41402K, committed 41600K, reserved 1085440K
  class space    used 5043K, capacity 5390K, committed 5504K, reserved 1048576K
}
Event: 72.806 GC heap before
{Heap before GC invocations=15 (full 2):
 PSYoungGen      total 138240K, used 138236K [0x00000000eb180000, 0x00000000f4600000, 0x0000000100000000)
  eden space 130560K, 100% used [0x00000000eb180000,0x00000000f3100000,0x00000000f3100000)
  from space 7680K, 99% used [0x00000000f3e80000,0x00000000f45ff1c0,0x00000000f4600000)
  to   space 8704K, 0% used [0x00000000f3500000,0x00000000f3500000,0x00000000f3d80000)
 ParOldGen       total 46080K, used 17144K [0x00000000c1400000, 0x00000000c4100000, 0x00000000eb180000)
  object space 46080K, 37% used [0x00000000c1400000,0x00000000c24be1d8,0x00000000c4100000)
 Metaspace       used 55884K, capacity 58112K, committed 58240K, reserved 1099776K
  class space    used 7576K, capacity 7994K, committed 8064K, reserved 1048576K
Event: 72.871 GC heap after
Heap after GC invocations=15 (full 2):
 PSYoungGen      total 143360K, used 8688K [0x00000000eb180000, 0x00000000f7f00000, 0x0000000100000000)
  eden space 134656K, 0% used [0x00000000eb180000,0x00000000eb180000,0x00000000f3500000)
  from space 8704K, 99% used [0x00000000f3500000,0x00000000f3d7c3c0,0x00000000f3d80000)
  to   space 14336K, 0% used [0x00000000f7100000,0x00000000f7100000,0x00000000f7f00000)
 ParOldGen       total 46080K, used 29631K [0x00000000c1400000, 0x00000000c4100000, 0x00000000eb180000)
  object space 46080K, 64% used [0x00000000c1400000,0x00000000c30effc0,0x00000000c4100000)
 Metaspace       used 55884K, capacity 58112K, committed 58240K, reserved 1099776K
  class space    used 7576K, capacity 7994K, committed 8064K, reserved 1048576K
}
Event: 73.374 GC heap before
{Heap before GC invocations=16 (full 2):
 PSYoungGen      total 143360K, used 22930K [0x00000000eb180000, 0x00000000f7f00000, 0x0000000100000000)
  eden space 134656K, 10% used [0x00000000eb180000,0x00000000ebf68738,0x00000000f3500000)
  from space 8704K, 99% used [0x00000000f3500000,0x00000000f3d7c3c0,0x00000000f3d80000)
  to   space 14336K, 0% used [0x00000000f7100000,0x00000000f7100000,0x00000000f7f00000)
 ParOldGen       total 46080K, used 29631K [0x00000000c1400000, 0x00000000c4100000, 0x00000000eb180000)
  object space 46080K, 64% used [0x00000000c1400000,0x00000000c30effc0,0x00000000c4100000)
 Metaspace       used 56639K, capacity 58954K, committed 59096K, reserved 1099776K
  class space    used 7682K, capacity 8111K, committed 8192K, reserved 1048576K
Event: 73.402 GC heap after
Heap after GC invocations=16 (full 2):
 PSYoungGen      total 196096K, used 1428K [0x00000000eb180000, 0x00000000f8e80000, 0x0000000100000000)
  eden space 181760K, 0% used [0x00000000eb180000,0x00000000eb180000,0x00000000f6300000)
  from space 14336K, 9% used [0x00000000f7100000,0x00000000f72652a0,0x00000000f7f00000)
  to   space 14336K, 0% used [0x00000000f6300000,0x00000000f6300000,0x00000000f7100000)
 ParOldGen       total 46080K, used 34591K [0x00000000c1400000, 0x00000000c4100000, 0x00000000eb180000)
  object space 46080K, 75% used [0x00000000c1400000,0x00000000c35c7f50,0x00000000c4100000)
 Metaspace       used 56639K, capacity 58954K, committed 59096K, reserved 1099776K
  class space    used 7682K, capacity 8111K, committed 8192K, reserved 1048576K
}
Event: 73.402 GC heap before
{Heap before GC invocations=17 (full 3):
 PSYoungGen      total 196096K, used 1428K [0x00000000eb180000, 0x00000000f8e80000, 0x0000000100000000)
  eden space 181760K, 0% used [0x00000000eb180000,0x00000000eb180000,0x00000000f6300000)
  from space 14336K, 9% used [0x00000000f7100000,0x00000000f72652a0,0x00000000f7f00000)
  to   space 14336K, 0% used [0x00000000f6300000,0x00000000f6300000,0x00000000f7100000)
 ParOldGen       total 46080K, used 34591K [0x00000000c1400000, 0x00000000c4100000, 0x00000000eb180000)
  object space 46080K, 75% used [0x00000000c1400000,0x00000000c35c7f50,0x00000000c4100000)
 Metaspace       used 56639K, capacity 58954K, committed 59096K, reserved 1099776K
  class space    used 7682K, capacity 8111K, committed 8192K, reserved 1048576K
Event: 73.927 GC heap after
Heap after GC invocations=17 (full 3):
 PSYoungGen      total 196096K, used 0K [0x00000000eb180000, 0x00000000f8e80000, 0x0000000100000000)
  eden space 181760K, 0% used [0x00000000eb180000,0x00000000eb180000,0x00000000f6300000)
  from space 14336K, 0% used [0x00000000f7100000,0x00000000f7100000,0x00000000f7f00000)
  to   space 14336K, 0% used [0x00000000f6300000,0x00000000f6300000,0x00000000f7100000)
 ParOldGen       total 61440K, used 23995K [0x00000000c1400000, 0x00000000c5000000, 0x00000000eb180000)
  object space 61440K, 39% used [0x00000000c1400000,0x00000000c2b6ee08,0x00000000c5000000)
 Metaspace       used 56639K, capacity 58954K, committed 59096K, reserved 1099776K
  class space    used 7682K, capacity 8111K, committed 8192K, reserved 1048576K
}

